./gradlew clean
> Task :clean

Deprecated Gradle features were used in this build, making it incompatible with Gradle 8.0.

You can use '--warning-mode all' to show the individual deprecation warnings and determine if they come from your own scripts or plugins.

See https://docs.gradle.org/7.4.2/userguide/command_line_interface.html#sec:command_line_warnings

BUILD SUCCESSFUL in 386ms
1 actionable task: 1 executed
./gradlew build
> Task :compileJava
> Task :processResources NO-SOURCE
> Task :classes
> Task :jar
> Task :startScripts
> Task :distTar
> Task :distZip
> Task :assemble
> Task :compileTestJava
> Task :processTestResources NO-SOURCE
> Task :testClasses
> Task :test
> Task :check
> Task :build

Deprecated Gradle features were used in this build, making it incompatible with Gradle 8.0.

You can use '--warning-mode all' to show the individual deprecation warnings and determine if they come from your own scripts or plugins.

See https://docs.gradle.org/7.4.2/userguide/command_line_interface.html#sec:command_line_warnings

BUILD SUCCESSFUL in 1s
7 actionable tasks: 7 executed
./gradlew run --args="cfg"
> Task :compileJava UP-TO-DATE
> Task :processResources NO-SOURCE
> Task :classes UP-TO-DATE

> Task :run
